<?xml version="1.0" encoding="UTF-8"?>
<!-- Generated by org.testng.reporters.JUnitReportReporter -->
<testsuite skipped="0" hostname="DESKTOP-I69N085" name="AutomationTest" tests="5" failures="0" timestamp="2020-11-03T21:31:58 CST" time="8.126" errors="0">
  <testcase name="RandomName" time="1.756" classname="AutomationTest"/>
  <system-out/>
  <testcase name="GetRandomName" time="4.658" classname="AutomationTest"/>
  <system-out/>
  <testcase name="SameNameAnswer" time="0.562" classname="AutomationTest"/>
  <system-out/>
  <testcase name="PutName" time="0.629" classname="AutomationTest"/>
  <system-out/>
  <testcase name="Status" time="0.521" classname="AutomationTest"/>
  <system-out/>
</testsuite> <!-- AutomationTest -->
